2023-03-13 12:28:40,707 [ERROR   ] 49766 4313908608 main: RuntimeError, attempting training restoration - Interrupting! 
2023-03-13 12:32:27,042 [ERROR   ] 50638 4340876672 main: RuntimeError, attempting training restoration - Interrupting! 
2023-03-13 15:18:54,924 [ERROR   ] 60454 4337943936 main: RuntimeError, attempting training restoration - Interrupting! 
2023-03-14 16:13:02,937 [DEBUG   ] 18586 4373398912 attrs: Creating converter from 5 to 3
2023-03-14 16:17:15,436 [DEBUG   ] 18727 4336747904 attrs: Creating converter from 3 to 5
2023-03-14 16:17:16,487 [DEBUG   ] 18727 4336747904 attrs: Creating converter from 5 to 3
2023-03-14 17:02:09,248 [DEBUG   ] 22105 4341335424 attrs: Creating converter from 3 to 5
2023-03-14 17:02:09,969 [WARNING ] 22105 4341335424 save: Found untraced functions such as _jit_compiled_convolution_op while saving (showing 1 of 1). These functions will not be directly callable after loading.
2023-03-14 17:02:10,063 [INFO    ] 22105 4341335424 builder_impl: Assets written to: model_checkpoint/assets
2023-03-14 17:02:10,270 [WARNING ] 22105 4341335424 save: Found untraced functions such as _jit_compiled_convolution_op while saving (showing 1 of 1). These functions will not be directly callable after loading.
2023-03-14 17:02:10,357 [INFO    ] 22105 4341335424 builder_impl: Assets written to: model_checkpoint/assets
2023-03-14 17:02:10,735 [WARNING ] 22105 4341335424 save: Found untraced functions such as _jit_compiled_convolution_op while saving (showing 1 of 1). These functions will not be directly callable after loading.
2023-03-14 17:02:10,854 [INFO    ] 22105 4341335424 builder_impl: Assets written to: model_checkpoint/assets
2023-03-14 17:02:11,062 [WARNING ] 22105 4341335424 save: Found untraced functions such as _jit_compiled_convolution_op while saving (showing 1 of 1). These functions will not be directly callable after loading.
2023-03-14 17:02:11,149 [INFO    ] 22105 4341335424 builder_impl: Assets written to: model_checkpoint/assets
2023-03-14 17:02:53,554 [DEBUG   ] 22150 4382131584 attrs: Creating converter from 3 to 5
2023-03-14 17:02:54,103 [WARNING ] 22150 4382131584 save: Found untraced functions such as _jit_compiled_convolution_op while saving (showing 1 of 1). These functions will not be directly callable after loading.
2023-03-14 17:02:54,193 [INFO    ] 22150 4382131584 builder_impl: Assets written to: model_checkpoint/assets
2023-03-14 17:02:54,400 [WARNING ] 22150 4382131584 save: Found untraced functions such as _jit_compiled_convolution_op while saving (showing 1 of 1). These functions will not be directly callable after loading.
2023-03-14 17:02:54,500 [INFO    ] 22150 4382131584 builder_impl: Assets written to: model_checkpoint/assets
2023-03-14 17:02:54,813 [WARNING ] 22150 4382131584 save: Found untraced functions such as _jit_compiled_convolution_op while saving (showing 1 of 1). These functions will not be directly callable after loading.
2023-03-14 17:02:54,903 [INFO    ] 22150 4382131584 builder_impl: Assets written to: model_checkpoint/assets
2023-03-14 17:07:22,990 [DEBUG   ] 22257 4344104320 attrs: Creating converter from 3 to 5
2023-03-14 17:07:24,217 [WARNING ] 22257 4344104320 save: Found untraced functions such as _jit_compiled_convolution_op while saving (showing 1 of 1). These functions will not be directly callable after loading.
2023-03-14 17:07:24,313 [INFO    ] 22257 4344104320 builder_impl: Assets written to: model_checkpoint/assets
2023-03-14 22:10:03,073 [DEBUG   ] 28787 4346938752 attrs: Creating converter from 3 to 5
2023-03-14 22:10:04,245 [WARNING ] 28787 4346938752 save: Found untraced functions such as _jit_compiled_convolution_op while saving (showing 1 of 1). These functions will not be directly callable after loading.
2023-03-14 22:10:04,342 [INFO    ] 28787 4346938752 builder_impl: Assets written to: model_checkpoint/assets
2023-03-14 22:10:04,629 [WARNING ] 28787 4346938752 util: Detecting that an object or model or tf.train.Checkpoint is being deleted with unrestored values. See the following logs for the specific values in question. To silence these warnings, use `status.expect_partial()`. See https://www.tensorflow.org/api_docs/python/tf/train/Checkpoint#restorefor details about the status object returned by the restore function.
2023-03-14 22:10:04,630 [WARNING ] 28787 4346938752 util: Value in checkpoint could not be found in the restored object: (root).optimizer.iter
2023-03-14 22:10:04,630 [WARNING ] 28787 4346938752 util: Value in checkpoint could not be found in the restored object: (root).optimizer.beta_1
2023-03-14 22:10:04,630 [WARNING ] 28787 4346938752 util: Value in checkpoint could not be found in the restored object: (root).optimizer.beta_2
2023-03-14 22:10:04,630 [WARNING ] 28787 4346938752 util: Value in checkpoint could not be found in the restored object: (root).optimizer.decay
2023-03-14 22:10:04,630 [WARNING ] 28787 4346938752 util: Value in checkpoint could not be found in the restored object: (root).optimizer.learning_rate
2023-03-14 22:14:08,567 [DEBUG   ] 28858 4315170176 attrs: Creating converter from 3 to 5
2023-03-14 22:14:09,660 [WARNING ] 28858 4315170176 save: Found untraced functions such as _jit_compiled_convolution_op while saving (showing 1 of 1). These functions will not be directly callable after loading.
2023-03-14 22:14:09,751 [INFO    ] 28858 4315170176 builder_impl: Assets written to: model_checkpoint/assets
2023-03-14 22:14:10,043 [WARNING ] 28858 4315170176 util: Detecting that an object or model or tf.train.Checkpoint is being deleted with unrestored values. See the following logs for the specific values in question. To silence these warnings, use `status.expect_partial()`. See https://www.tensorflow.org/api_docs/python/tf/train/Checkpoint#restorefor details about the status object returned by the restore function.
2023-03-14 22:14:10,044 [WARNING ] 28858 4315170176 util: Value in checkpoint could not be found in the restored object: (root).optimizer.iter
2023-03-14 22:14:10,044 [WARNING ] 28858 4315170176 util: Value in checkpoint could not be found in the restored object: (root).optimizer.beta_1
2023-03-14 22:14:10,044 [WARNING ] 28858 4315170176 util: Value in checkpoint could not be found in the restored object: (root).optimizer.beta_2
2023-03-14 22:14:10,044 [WARNING ] 28858 4315170176 util: Value in checkpoint could not be found in the restored object: (root).optimizer.decay
2023-03-14 22:14:10,044 [WARNING ] 28858 4315170176 util: Value in checkpoint could not be found in the restored object: (root).optimizer.learning_rate
2023-03-14 22:14:26,023 [DEBUG   ] 28878 4383835520 attrs: Creating converter from 3 to 5
2023-03-14 22:14:26,924 [WARNING ] 28878 4383835520 save: Found untraced functions such as _jit_compiled_convolution_op while saving (showing 1 of 1). These functions will not be directly callable after loading.
2023-03-14 22:14:27,011 [INFO    ] 28878 4383835520 builder_impl: Assets written to: model_checkpoint/assets
2023-03-14 22:14:27,304 [WARNING ] 28878 4383835520 util: Detecting that an object or model or tf.train.Checkpoint is being deleted with unrestored values. See the following logs for the specific values in question. To silence these warnings, use `status.expect_partial()`. See https://www.tensorflow.org/api_docs/python/tf/train/Checkpoint#restorefor details about the status object returned by the restore function.
2023-03-14 22:14:27,305 [WARNING ] 28878 4383835520 util: Value in checkpoint could not be found in the restored object: (root).optimizer.iter
2023-03-14 22:14:27,305 [WARNING ] 28878 4383835520 util: Value in checkpoint could not be found in the restored object: (root).optimizer.beta_1
2023-03-14 22:14:27,305 [WARNING ] 28878 4383835520 util: Value in checkpoint could not be found in the restored object: (root).optimizer.beta_2
2023-03-14 22:14:27,305 [WARNING ] 28878 4383835520 util: Value in checkpoint could not be found in the restored object: (root).optimizer.decay
2023-03-14 22:14:27,305 [WARNING ] 28878 4383835520 util: Value in checkpoint could not be found in the restored object: (root).optimizer.learning_rate
2023-03-14 22:15:02,952 [DEBUG   ] 28898 4380673408 attrs: Creating converter from 3 to 5
2023-03-14 22:15:03,996 [WARNING ] 28898 4380673408 save: Found untraced functions such as _jit_compiled_convolution_op while saving (showing 1 of 1). These functions will not be directly callable after loading.
2023-03-14 22:15:04,087 [INFO    ] 28898 4380673408 builder_impl: Assets written to: model_checkpoint/assets
2023-03-14 22:15:04,400 [WARNING ] 28898 4380673408 util: Detecting that an object or model or tf.train.Checkpoint is being deleted with unrestored values. See the following logs for the specific values in question. To silence these warnings, use `status.expect_partial()`. See https://www.tensorflow.org/api_docs/python/tf/train/Checkpoint#restorefor details about the status object returned by the restore function.
2023-03-14 22:15:04,400 [WARNING ] 28898 4380673408 util: Value in checkpoint could not be found in the restored object: (root).optimizer.iter
2023-03-14 22:15:04,401 [WARNING ] 28898 4380673408 util: Value in checkpoint could not be found in the restored object: (root).optimizer.beta_1
2023-03-14 22:15:04,401 [WARNING ] 28898 4380673408 util: Value in checkpoint could not be found in the restored object: (root).optimizer.beta_2
2023-03-14 22:15:04,401 [WARNING ] 28898 4380673408 util: Value in checkpoint could not be found in the restored object: (root).optimizer.decay
2023-03-14 22:15:04,401 [WARNING ] 28898 4380673408 util: Value in checkpoint could not be found in the restored object: (root).optimizer.learning_rate
2023-03-14 22:19:17,925 [DEBUG   ] 28995 4381296000 attrs: Creating converter from 3 to 5
2023-03-14 22:19:18,912 [WARNING ] 28995 4381296000 save: Found untraced functions such as _jit_compiled_convolution_op while saving (showing 1 of 1). These functions will not be directly callable after loading.
2023-03-14 22:19:18,998 [INFO    ] 28995 4381296000 builder_impl: Assets written to: model_checkpoint/assets
2023-03-14 22:19:19,264 [WARNING ] 28995 4381296000 util: Detecting that an object or model or tf.train.Checkpoint is being deleted with unrestored values. See the following logs for the specific values in question. To silence these warnings, use `status.expect_partial()`. See https://www.tensorflow.org/api_docs/python/tf/train/Checkpoint#restorefor details about the status object returned by the restore function.
2023-03-14 22:19:19,265 [WARNING ] 28995 4381296000 util: Value in checkpoint could not be found in the restored object: (root).optimizer.iter
2023-03-14 22:19:19,265 [WARNING ] 28995 4381296000 util: Value in checkpoint could not be found in the restored object: (root).optimizer.beta_1
2023-03-14 22:19:19,265 [WARNING ] 28995 4381296000 util: Value in checkpoint could not be found in the restored object: (root).optimizer.beta_2
2023-03-14 22:19:19,265 [WARNING ] 28995 4381296000 util: Value in checkpoint could not be found in the restored object: (root).optimizer.decay
2023-03-14 22:19:19,265 [WARNING ] 28995 4381296000 util: Value in checkpoint could not be found in the restored object: (root).optimizer.learning_rate
2023-03-14 22:19:47,841 [DEBUG   ] 29026 4371776896 attrs: Creating converter from 3 to 5
2023-03-14 22:20:03,063 [DEBUG   ] 29043 4349330816 attrs: Creating converter from 3 to 5
2023-03-14 22:20:03,910 [WARNING ] 29043 4349330816 save: Found untraced functions such as _jit_compiled_convolution_op while saving (showing 1 of 1). These functions will not be directly callable after loading.
2023-03-14 22:20:03,997 [INFO    ] 29043 4349330816 builder_impl: Assets written to: model_checkpoint/assets
2023-03-14 22:20:26,210 [DEBUG   ] 29069 4383442304 attrs: Creating converter from 3 to 5
2023-03-14 22:20:27,109 [WARNING ] 29069 4383442304 save: Found untraced functions such as _jit_compiled_convolution_op while saving (showing 1 of 1). These functions will not be directly callable after loading.
2023-03-14 22:20:27,194 [INFO    ] 29069 4383442304 builder_impl: Assets written to: model_checkpoint/assets
2023-03-14 22:20:27,335 [WARNING ] 29069 4383442304 util: Detecting that an object or model or tf.train.Checkpoint is being deleted with unrestored values. See the following logs for the specific values in question. To silence these warnings, use `status.expect_partial()`. See https://www.tensorflow.org/api_docs/python/tf/train/Checkpoint#restorefor details about the status object returned by the restore function.
2023-03-14 22:20:27,335 [WARNING ] 29069 4383442304 util: Value in checkpoint could not be found in the restored object: (root).optimizer.iter
2023-03-14 22:20:27,335 [WARNING ] 29069 4383442304 util: Value in checkpoint could not be found in the restored object: (root).optimizer.beta_1
2023-03-14 22:20:27,335 [WARNING ] 29069 4383442304 util: Value in checkpoint could not be found in the restored object: (root).optimizer.beta_2
2023-03-14 22:20:27,335 [WARNING ] 29069 4383442304 util: Value in checkpoint could not be found in the restored object: (root).optimizer.decay
2023-03-14 22:20:27,335 [WARNING ] 29069 4383442304 util: Value in checkpoint could not be found in the restored object: (root).optimizer.learning_rate
2023-03-14 22:20:45,026 [DEBUG   ] 29093 4372170112 attrs: Creating converter from 3 to 5
2023-03-14 22:20:45,799 [WARNING ] 29093 4372170112 save: Found untraced functions such as _jit_compiled_convolution_op while saving (showing 1 of 1). These functions will not be directly callable after loading.
2023-03-14 22:20:45,893 [INFO    ] 29093 4372170112 builder_impl: Assets written to: model_checkpoint/assets
2023-03-14 22:21:45,274 [DEBUG   ] 29133 4344055168 attrs: Creating converter from 3 to 5
2023-03-14 22:21:46,160 [WARNING ] 29133 4344055168 save: Found untraced functions such as _jit_compiled_convolution_op while saving (showing 1 of 1). These functions will not be directly callable after loading.
2023-03-14 22:21:46,249 [INFO    ] 29133 4344055168 builder_impl: Assets written to: model_checkpoint/assets
2023-03-14 22:35:17,103 [DEBUG   ] 30036 4342842752 attrs: Creating converter from 3 to 5
2023-03-14 22:57:40,259 [DEBUG   ] 32145 4369581440 attrs: Creating converter from 3 to 5
2023-03-14 23:11:06,954 [DEBUG   ] 33057 4314187136 attrs: Creating converter from 3 to 5
2023-03-14 23:12:35,760 [DEBUG   ] 33403 4371580288 attrs: Creating converter from 3 to 5
2023-03-14 23:13:16,437 [DEBUG   ] 33427 4348626304 attrs: Creating converter from 3 to 5
2023-03-14 23:19:41,566 [DEBUG   ] 34300 4305356160 attrs: Creating converter from 3 to 5
2023-03-14 23:20:28,729 [DEBUG   ] 34330 4347479424 attrs: Creating converter from 3 to 5
2023-03-14 23:23:11,490 [DEBUG   ] 34394 4346168704 attrs: Creating converter from 3 to 5
2023-03-14 23:23:57,411 [DEBUG   ] 34420 4302783872 attrs: Creating converter from 3 to 5
2023-03-14 23:26:32,197 [DEBUG   ] 34475 4304356736 attrs: Creating converter from 3 to 5
2023-03-14 23:32:05,446 [DEBUG   ] 34597 4350625152 attrs: Creating converter from 3 to 5
2023-03-14 23:55:07,561 [DEBUG   ] 35934 4346267008 attrs: Creating converter from 3 to 5
2023-03-15 13:41:28,072 [DEBUG   ] 21167 4340041088 attrs: Creating converter from 3 to 5
2023-03-15 13:41:53,454 [DEBUG   ] 28272 4306978176 attrs: Creating converter from 3 to 5
2023-03-15 13:42:10,338 [DEBUG   ] 34275 4307486080 attrs: Creating converter from 3 to 5
2023-03-15 13:42:11,697 [WARNING ] 34275 4307486080 save: Found untraced functions such as _jit_compiled_convolution_op while saving (showing 1 of 1). These functions will not be directly callable after loading.
2023-03-15 13:42:11,788 [INFO    ] 34275 4307486080 builder_impl: Assets written to: model_checkpoint/assets
2023-03-15 13:55:34,768 [DEBUG   ] 65350 4339369344 attrs: Creating converter from 3 to 5
2023-03-15 14:14:38,798 [DEBUG   ] 66660 4380198272 attrs: Creating converter from 3 to 5
2023-03-15 14:16:54,838 [DEBUG   ] 67491 4343006592 attrs: Creating converter from 3 to 5
2023-03-15 14:20:25,874 [DEBUG   ] 67562 4304553344 attrs: Creating converter from 3 to 5
2023-03-15 14:20:53,317 [DEBUG   ] 67589 4302407040 attrs: Creating converter from 3 to 5
2023-03-15 14:21:08,427 [DEBUG   ] 67603 4374414720 attrs: Creating converter from 3 to 5
2023-03-15 14:21:36,900 [DEBUG   ] 67621 4318217600 attrs: Creating converter from 3 to 5
2023-03-15 14:22:04,380 [DEBUG   ] 67636 4339189120 attrs: Creating converter from 3 to 5
2023-03-15 15:18:39,487 [DEBUG   ] 71771 4379575680 attrs: Creating converter from 3 to 5
2023-03-15 15:19:27,243 [DEBUG   ] 71796 4348740992 attrs: Creating converter from 3 to 5
2023-03-15 15:20:12,452 [DEBUG   ] 71827 4374693248 attrs: Creating converter from 3 to 5
2023-03-15 15:48:29,694 [WARNING ] 73509 4349052288 save: Found untraced functions such as _jit_compiled_convolution_op while saving (showing 1 of 1). These functions will not be directly callable after loading.
2023-03-15 15:48:29,779 [INFO    ] 73509 4349052288 builder_impl: Assets written to: model_checkpoint/assets
